e:\imguihook\st3-internal-source\imguihook [global]\directx11\x64\debug\vc143.pdb
e:\imguihook\st3-internal-source\imguihook [global]\directx11\x64\debug\vc143.idb
e:\imguihook\st3-internal-source\imguihook [global]\directx11\x64\debug\main.obj
e:\imguihook\st3-internal-source\imguihook [global]\directx11\x64\debug\imgui_widgets.obj
e:\imguihook\st3-internal-source\imguihook [global]\directx11\x64\debug\imgui_tables.obj
e:\imguihook\st3-internal-source\imguihook [global]\directx11\x64\debug\imgui_impl_win32.obj
e:\imguihook\st3-internal-source\imguihook [global]\directx11\x64\debug\imgui_impl_dx11.obj
e:\imguihook\st3-internal-source\imguihook [global]\directx11\x64\debug\imgui_draw.obj
e:\imguihook\st3-internal-source\imguihook [global]\directx11\x64\debug\imgui_demo.obj
e:\imguihook\st3-internal-source\imguihook [global]\directx11\x64\debug\imgui.obj
e:\imguihook\st3-internal-source\imguihook [global]\directx11\x64\debug\trampoline.obj
e:\imguihook\st3-internal-source\imguihook [global]\directx11\x64\debug\hook.obj
e:\imguihook\st3-internal-source\imguihook [global]\directx11\x64\debug\hde64.obj
e:\imguihook\st3-internal-source\imguihook [global]\directx11\x64\debug\hde32.obj
e:\imguihook\st3-internal-source\imguihook [global]\directx11\x64\debug\buffer.obj
e:\imguihook\st3-internal-source\imguihook [global]\directx11\x64\debug\astrohook (x64).ilk
e:\imguihook\st3-internal-source\build\astrohook (x64).dll
e:\imguihook\st3-internal-source\build\astrohook (x64).pdb
e:\imguihook\st3-internal-source\imguihook [global]\directx11\x64\debug\astrohook.tlog\cl.read.1.tlog
e:\imguihook\st3-internal-source\imguihook [global]\directx11\x64\debug\astrohook.tlog\cl.write.1.tlog
e:\imguihook\st3-internal-source\imguihook [global]\directx11\x64\debug\astrohook.tlog\cl.command.1.tlog
e:\imguihook\st3-internal-source\imguihook [global]\directx11\x64\debug\astrohook.tlog\link.read.2.tlog
e:\imguihook\st3-internal-source\imguihook [global]\directx11\x64\debug\astrohook.tlog\link.write.1.tlog
e:\imguihook\st3-internal-source\imguihook [global]\directx11\x64\debug\astrohook.tlog\link.command.1.tlog
