e:\imguihook\st3-internal-source\imguihook [global]\directx11\x64\release\vc143.pdb
e:\imguihook\st3-internal-source\imguihook [global]\directx11\x64\release\main.obj
e:\imguihook\st3-internal-source\imguihook [global]\directx11\x64\release\imgui_widgets.obj
e:\imguihook\st3-internal-source\imguihook [global]\directx11\x64\release\imgui_tables.obj
e:\imguihook\st3-internal-source\imguihook [global]\directx11\x64\release\imgui_impl_win32.obj
e:\imguihook\st3-internal-source\imguihook [global]\directx11\x64\release\imgui_impl_dx11.obj
e:\imguihook\st3-internal-source\imguihook [global]\directx11\x64\release\imgui_draw.obj
e:\imguihook\st3-internal-source\imguihook [global]\directx11\x64\release\imgui_demo.obj
e:\imguihook\st3-internal-source\imguihook [global]\directx11\x64\release\imgui.obj
e:\imguihook\st3-internal-source\imguihook [global]\directx11\x64\release\trampoline.obj
e:\imguihook\st3-internal-source\imguihook [global]\directx11\x64\release\hook.obj
e:\imguihook\st3-internal-source\imguihook [global]\directx11\x64\release\hde64.obj
e:\imguihook\st3-internal-source\imguihook [global]\directx11\x64\release\hde32.obj
e:\imguihook\st3-internal-source\imguihook [global]\directx11\x64\release\buffer.obj
e:\imguihook\st3-internal-source\build\astrohook (x64).dll
e:\imguihook\st3-internal-source\imguihook [global]\directx11\x64\release\astrohook (x64).ipdb
e:\imguihook\st3-internal-source\build\astrohook (x64).pdb
e:\imguihook\st3-internal-source\imguihook [global]\directx11\x64\release\astrohook (x64).iobj
e:\imguihook\st3-internal-source\imguihook [global]\directx11\x64\release\astrohook.tlog\cl.read.1.tlog
e:\imguihook\st3-internal-source\imguihook [global]\directx11\x64\release\astrohook.tlog\cl.write.1.tlog
e:\imguihook\st3-internal-source\imguihook [global]\directx11\x64\release\astrohook.tlog\cl.command.1.tlog
e:\imguihook\st3-internal-source\imguihook [global]\directx11\x64\release\astrohook.tlog\link.read.18.tlog
e:\imguihook\st3-internal-source\imguihook [global]\directx11\x64\release\astrohook.tlog\link.write.1.tlog
e:\imguihook\st3-internal-source\imguihook [global]\directx11\x64\release\astrohook.tlog\link.command.1.tlog
