e:\imguihook\imguihook [global]\directx11\x64\release\vc143.pdb
e:\imguihook\imguihook [global]\directx11\x64\release\imgui_widgets.obj
e:\imguihook\imguihook [global]\directx11\x64\release\imgui_tables.obj
e:\imguihook\imguihook [global]\directx11\x64\release\imgui_impl_win32.obj
e:\imguihook\imguihook [global]\directx11\x64\release\imgui_impl_dx11.obj
e:\imguihook\imguihook [global]\directx11\x64\release\imgui_draw.obj
e:\imguihook\imguihook [global]\directx11\x64\release\imgui_demo.obj
e:\imguihook\imguihook [global]\directx11\x64\release\imgui.obj
e:\imguihook\imguihook [global]\directx11\x64\release\trampoline.obj
e:\imguihook\imguihook [global]\directx11\x64\release\hook.obj
e:\imguihook\imguihook [global]\directx11\x64\release\hde64.obj
e:\imguihook\imguihook [global]\directx11\x64\release\hde32.obj
e:\imguihook\imguihook [global]\directx11\x64\release\buffer.obj
e:\imguihook\build\cgang (x64).dll
e:\imguihook\imguihook [global]\directx11\x64\release\cgang (x64).ipdb
e:\imguihook\build\cgang (x64).pdb
e:\imguihook\imguihook [global]\directx11\x64\release\cgang (x64).iobj
e:\imguihook\imguihook [global]\directx11\x64\release\class-internals.obj
e:\imguihook\imguihook [global]\directx11\x64\release\char-conversions.obj
e:\imguihook\imguihook [global]\directx11\x64\release\culturedata.obj
e:\imguihook\imguihook [global]\directx11\x64\release\calendardata.obj
e:\imguihook\imguihook [global]\directx11\x64\release\assert.obj
e:\imguihook\imguihook [global]\directx11\x64\release\safestringmarshal.obj
e:\imguihook\imguihook [global]\directx11\x64\release\runtimemarshal.obj
e:\imguihook\imguihook [global]\directx11\x64\release\runtimegptrarrayhandle.obj
e:\imguihook\imguihook [global]\directx11\x64\release\runtimeclasshandle.obj
e:\imguihook\imguihook [global]\directx11\x64\release\eventinfo.obj
e:\imguihook\imguihook [global]\directx11\x64\release\customattributedata.obj
e:\imguihook\imguihook [global]\directx11\x64\release\symboltype.obj
e:\imguihook\imguihook [global]\directx11\x64\release\versioninghelper.obj
e:\imguihook\imguihook [global]\directx11\x64\release\asyncresult.obj
e:\imguihook\imguihook [global]\directx11\x64\release\context.obj
e:\imguihook\imguihook [global]\directx11\x64\release\unsafenativemethods.obj
e:\imguihook\imguihook [global]\directx11\x64\release\rtfieldinfo.obj
e:\imguihook\imguihook [global]\directx11\x64\release\propertyinfo.obj
e:\imguihook\imguihook [global]\directx11\x64\release\timer.obj
e:\imguihook\imguihook [global]\directx11\x64\release\internalthread.obj
e:\imguihook\imguihook [global]\directx11\x64\release\normalization.obj
e:\imguihook\imguihook [global]\directx11\x64\release\encodinghelper.obj
e:\imguihook\imguihook [global]\directx11\x64\release\missingmemberexception.obj
e:\imguihook\imguihook [global]\directx11\x64\release\exception.obj
e:\imguihook\imguihook [global]\directx11\x64\release\clrconfig.obj
e:\imguihook\imguihook [global]\directx11\x64\release\monotlsproviderfactory.obj
e:\imguihook\imguihook [global]\directx11\x64\release\nativemethods.obj
e:\imguihook\imguihook [global]\directx11\x64\release\memorymapimpl.obj
e:\imguihook\imguihook [global]\directx11\x64\release\internalconfigurationhost.obj
e:\imguihook\imguihook [global]\directx11\x64\release\timespan.obj
e:\imguihook\imguihook [global]\directx11\x64\release\sizedreference.obj
e:\imguihook\imguihook [global]\directx11\x64\release\runtimefieldhandle.obj
e:\imguihook\imguihook [global]\directx11\x64\release\number.obj
e:\imguihook\imguihook [global]\directx11\x64\release\ioselector.obj
e:\imguihook\imguihook [global]\directx11\x64\release\macosipinterfaceproperties.obj
e:\imguihook\imguihook [global]\directx11\x64\release\kqueuemonitor.obj
e:\imguihook\imguihook [global]\directx11\x64\release\il2cpp-api.obj
e:\imguihook\imguihook [global]\directx11\x64\release\il2cpp-mono-support.obj
e:\imguihook\imguihook [global]\directx11\x64\release\il2cpp-callbacks.obj
e:\imguihook\imguihook [global]\directx11\x64\release\cpuinfo.obj
e:\imguihook\imguihook [global]\directx11\x64\release\conditionvariable.obj
e:\imguihook\imguihook [global]\directx11\x64\release\filetests.obj
e:\imguihook\imguihook [global]\directx11\x64\release\eventtests.obj
e:\imguihook\imguihook [global]\directx11\x64\release\errortests.obj
e:\imguihook\imguihook [global]\directx11\x64\release\environmenttests.obj
e:\imguihook\imguihook [global]\directx11\x64\release\directorytests.obj
e:\imguihook\imguihook [global]\directx11\x64\release\debugtests.obj
e:\imguihook\imguihook [global]\directx11\x64\release\cryptographytests.obj
e:\imguihook\imguihook [global]\directx11\x64\release\cpuinfotests.obj
e:\imguihook\imguihook [global]\directx11\x64\release\consoletests.obj
e:\imguihook\imguihook [global]\directx11\x64\release\conditionvariabletests.obj
e:\imguihook\imguihook [global]\directx11\x64\release\comtests.obj
e:\imguihook\imguihook [global]\directx11\x64\release\timezonetests.obj
e:\imguihook\imguihook [global]\directx11\x64\release\timezoneinfotests.obj
e:\imguihook\imguihook [global]\directx11\x64\release\timetests.obj
e:\imguihook\imguihook [global]\directx11\x64\release\threadtests.obj
e:\imguihook\imguihook [global]\directx11\x64\release\threadlocalvaluetests.obj
e:\imguihook\imguihook [global]\directx11\x64\release\sockettests.obj
e:\imguihook\imguihook [global]\directx11\x64\release\semaphoretests.obj
e:\imguihook\imguihook [global]\directx11\x64\release\processtests.obj
e:\imguihook\imguihook [global]\directx11\x64\release\pathtests.obj
e:\imguihook\imguihook [global]\directx11\x64\release\nativemethodstests.obj
e:\imguihook\imguihook [global]\directx11\x64\release\mutextests.obj
e:\imguihook\imguihook [global]\directx11\x64\release\messagestests.obj
e:\imguihook\imguihook [global]\directx11\x64\release\memorytests.obj
e:\imguihook\imguihook [global]\directx11\x64\release\memorymappedfiletests.obj
e:\imguihook\imguihook [global]\directx11\x64\release\maintestrunner.obj
e:\imguihook\imguihook [global]\directx11\x64\release\localetests.obj
e:\imguihook\imguihook [global]\directx11\x64\release\libraryloadertests.obj
e:\imguihook\imguihook [global]\directx11\x64\release\unityadsstubs.obj
e:\imguihook\imguihook [global]\directx11\x64\release\threadpoolms.obj
e:\imguihook\imguihook [global]\directx11\x64\release\st3 internal (x64).ipdb
e:\imguihook\imguihook [global]\directx11\x64\release\st3 internal (x64).iobj
e:\imguihook\imguihook [global]\directx11\x64\release\cgang.tlog\cl.command.1.tlog
e:\imguihook\imguihook [global]\directx11\x64\release\cgang.tlog\cl.read.1.tlog
e:\imguihook\imguihook [global]\directx11\x64\release\cgang.tlog\cl.write.1.tlog
e:\imguihook\imguihook [global]\directx11\x64\release\cgang.tlog\link.read.1.tlog
e:\imguihook\imguihook [global]\directx11\x64\release\cgang.tlog\link.write.1.tlog
e:\imguihook\imguihook [global]\directx11\x64\release\cgang.tlog\link.command.1.tlog
